  [1m[35m (491.7ms)[0m  [1m[35mCREATE DATABASE "i-love-forms_development" ENCODING = 'unicode'[0m
  ↳ /Users/charlottevaudour/.rvm/gems/ruby-2.5.1/gems/rake-12.3.1/lib/rake/task.rb:271
  [1m[35m (334.6ms)[0m  [1m[35mCREATE DATABASE "i-love-forms_test" ENCODING = 'unicode'[0m
  ↳ /Users/charlottevaudour/.rvm/gems/ruby-2.5.1/gems/rake-12.3.1/lib/rake/task.rb:271
  [1m[35m (33.7ms)[0m  [1m[35mCREATE TABLE "schema_migrations" ("version" character varying NOT NULL PRIMARY KEY)[0m
  ↳ /Users/charlottevaudour/.rvm/gems/ruby-2.5.1/gems/rake-12.3.1/lib/rake/task.rb:271
  [1m[35m (27.1ms)[0m  [1m[35mCREATE TABLE "ar_internal_metadata" ("key" character varying NOT NULL PRIMARY KEY, "value" character varying, "created_at" timestamp NOT NULL, "updated_at" timestamp NOT NULL)[0m
  ↳ /Users/charlottevaudour/.rvm/gems/ruby-2.5.1/gems/rake-12.3.1/lib/rake/task.rb:271
  [1m[35m (0.6ms)[0m  [1m[34mSELECT pg_try_advisory_lock(5428523191829883285)[0m
  ↳ /Users/charlottevaudour/.rvm/gems/ruby-2.5.1/gems/rake-12.3.1/lib/rake/task.rb:271
  [1m[35m (1.2ms)[0m  [1m[34mSELECT "schema_migrations"."version" FROM "schema_migrations" ORDER BY "schema_migrations"."version" ASC[0m
  ↳ /Users/charlottevaudour/.rvm/gems/ruby-2.5.1/gems/rake-12.3.1/lib/rake/task.rb:271
Migrating to CreateUsers (20181030134629)
  [1m[35m (0.4ms)[0m  [1m[35mBEGIN[0m
  ↳ /Users/charlottevaudour/.rvm/gems/ruby-2.5.1/gems/rake-12.3.1/lib/rake/task.rb:271
  [1m[35m (31.0ms)[0m  [1m[35mCREATE TABLE "users" ("id" bigserial primary key, "username" character varying, "email" character varying, "bio" text, "created_at" timestamp NOT NULL, "updated_at" timestamp NOT NULL)[0m
  ↳ db/migrate/20181030134629_create_users.rb:3
  [1m[36mActiveRecord::SchemaMigration Create (2.5ms)[0m  [1m[32mINSERT INTO "schema_migrations" ("version") VALUES ($1) RETURNING "version"[0m  [["version", "20181030134629"]]
  ↳ /Users/charlottevaudour/.rvm/gems/ruby-2.5.1/gems/rake-12.3.1/lib/rake/task.rb:271
  [1m[35m (0.8ms)[0m  [1m[35mCOMMIT[0m
  ↳ /Users/charlottevaudour/.rvm/gems/ruby-2.5.1/gems/rake-12.3.1/lib/rake/task.rb:271
  [1m[36mActiveRecord::InternalMetadata Load (1.2ms)[0m  [1m[34mSELECT  "ar_internal_metadata".* FROM "ar_internal_metadata" WHERE "ar_internal_metadata"."key" = $1 LIMIT $2[0m  [["key", "environment"], ["LIMIT", 1]]
  ↳ /Users/charlottevaudour/.rvm/gems/ruby-2.5.1/gems/rake-12.3.1/lib/rake/task.rb:271
  [1m[35m (0.2ms)[0m  [1m[35mBEGIN[0m
  ↳ /Users/charlottevaudour/.rvm/gems/ruby-2.5.1/gems/rake-12.3.1/lib/rake/task.rb:271
  [1m[36mActiveRecord::InternalMetadata Create (2.1ms)[0m  [1m[32mINSERT INTO "ar_internal_metadata" ("key", "value", "created_at", "updated_at") VALUES ($1, $2, $3, $4) RETURNING "key"[0m  [["key", "environment"], ["value", "development"], ["created_at", "2018-10-30 13:47:33.234820"], ["updated_at", "2018-10-30 13:47:33.234820"]]
  ↳ /Users/charlottevaudour/.rvm/gems/ruby-2.5.1/gems/rake-12.3.1/lib/rake/task.rb:271
  [1m[35m (1.0ms)[0m  [1m[35mCOMMIT[0m
  ↳ /Users/charlottevaudour/.rvm/gems/ruby-2.5.1/gems/rake-12.3.1/lib/rake/task.rb:271
  [1m[35m (1.7ms)[0m  [1m[34mSELECT pg_advisory_unlock(5428523191829883285)[0m
  ↳ /Users/charlottevaudour/.rvm/gems/ruby-2.5.1/gems/rake-12.3.1/lib/rake/task.rb:271
  [1m[35m (1.6ms)[0m  [1m[34mSELECT "schema_migrations"."version" FROM "schema_migrations" ORDER BY "schema_migrations"."version" ASC[0m
  ↳ /Users/charlottevaudour/.rvm/gems/ruby-2.5.1/gems/rake-12.3.1/lib/rake/task.rb:271
